<?xml version="1.0" encoding="UTF-8"?>
<!-- Generated by org.testng.reporters.JUnitReportReporter -->
<testsuite hostname="DESKTOP-UOT6FKJ" failures="0" tests="1" name="com.bbc.testcases.BBChomepageTestCase" time="5.133" errors="0" timestamp="2024-09-10T21:06:32 BDT" skipped="0">
  <testcase classname="com.bbc.testcases.BBChomepageTestCase" name="verifySignInButton" time="5.133"/>
</testsuite> <!-- com.bbc.testcases.BBChomepageTestCase -->
