<?xml version="1.0" encoding="UTF-8"?>
<!-- Generated by org.testng.reporters.JUnitReportReporter -->
<testsuite hostname="DESKTOP-UOT6FKJ" failures="0" tests="1" name="com.bbc.testcases.BBChomepageTestCase" time="0.641" errors="0" timestamp="2024-09-12T21:53:22 BDT" skipped="0">
  <testcase classname="com.bbc.testcases.BBChomepageTestCase" name="verifycontactTechnicalSupport" time="0.641"/>
</testsuite> <!-- com.bbc.testcases.BBChomepageTestCase -->
