<?xml version="1.0" encoding="UTF-8"?>
<!-- Generated by org.testng.reporters.JUnitReportReporter -->
<testsuite hostname="DESKTOP-UOT6FKJ" failures="0" tests="1" name="com.bbc.testcases.BBCSignInTestCase" time="3.962" errors="0" timestamp="2024-09-14T19:32:44 BDT" skipped="0">
  <testcase classname="com.bbc.testcases.BBCSignInTestCase" name="verifySignInButton" time="3.962"/>
</testsuite> <!-- com.bbc.testcases.BBCSignInTestCase -->
