<?xml version="1.0" encoding="UTF-8"?>
<!-- Generated by org.testng.reporters.JUnitReportReporter -->
<testsuite hostname="DESKTOP-UOT6FKJ" failures="0" tests="1" name="com.bbc.testcases.BBChomepageTestCase" time="0.613" errors="0" timestamp="2024-09-11T13:38:04 BDT" skipped="0">
  <testcase classname="com.bbc.testcases.BBChomepageTestCase" name="verifyHamburgerIcon" time="0.613"/>
</testsuite> <!-- com.bbc.testcases.BBChomepageTestCase -->
